12asA0
16pkA0
16vpA0
1a0tP0
1a2zA0
1a8rA0
1ahsA0
1aihA0
1aisB0
1am9A0
1aocA0
1aolA0
1at0A0
1au1A0
1b33N0
1b35A0
1b35B0
1b3tA0
1b67A0
1b77A0
1b9wA0
1bd3A0
1bgfA0
1bndA0
1bouA0
1bx7A0
1bxyA0
1byrA0
1c0pA0
1c1kA0
1c5eA0
1c8zA0
1cbfA0
1cbkA0
1cfzA0
1cjcA0
1cl8A0
1cmcA0
1cq3A0
1cseI0
1cshA0
1cxzB0
1d02A0
1d2pA0
1d2zA0
1d2zB0
1d9cA0
1dbfA0
1dcqA0
1ddzA0
1dfmA0
1dfuP0
1dhnA0
1di2A0
1dj0A0
1dj8A0
1dm9A0
1dmhA0
1dmuA0
1dp4A0
1dq3A0
1dqnA0
1dtdB0
1dvkA0
1dvoA0
1dwkA0
1dx5I0
1dzfA0
1e0bA0
1eaiC0
1eaqA0
1eayC0
1ecmA0
1ecsA0
1ed1A0
1edyA0
1eerA0
1efuD0
1ei7A0
1ejbA0
1ejfA0
1ek9A0
1el6A0
1em2A0
1em9A0
1eteA0
1evsA0
1ewfA0
1ezgA0
1f08A0
1f0kA0
1f1eA0
1f2dA0
1f32A0
1f35A0
1f3mA0
1f3uA0
1f3vA0
1f46A0
1f5qB0
1f60B0
1f94A0
1fasA0
1fc3A0
1feuA0
1fi4A0
1fiuA0
1fjrA0
1fkmA0
1fn9A0
1fp3A0
1fpzA0
1fr3A0
1fsgA0
1ft5A0
1fx3A0
1fxkC0
1fzvA0
1g31A0
1g5zA0
1g61A0
1g6gA0
1g8eA0
1g8lA0
1gakA0
1gd8A0
1gflB0
1gl4A0
1gmuA0
1gotG0
1gprA0
1gqaA0
1gqeA0
1gs9A0
1gsaA0
1gu9A0
1guqA0
1gxmA0
1gxyA0
1gyxA0
1gzsB0
1h12A0
1h21A0
1h2sB0
1h3oB0
1h6fA0
1h6gA0
1h70A0
1h7cA0
1h9mA0
1hbnB0
1hc9A0
1hcuA0
1he1A0
1hfeS0
1hi9A0
1hipA0
1hlqA0
1hq0A0
1hr6A0
1hufA0
1hulA0
1husA0
1huwA0
1hw7A0
1hwtC0
1hx6A0
1hy5A0
1hyoA0
1hz6A0
1hzfA0
1i1rB0
1i3jA0
1i7nA0
1i8nA0
1iapA0
1icfI0
1ig0A0
1ijxA0
1in0A0
1inpA0
1io1A0
1is1A0
1isuA0
1iujA0
1iwpB0
1iwpG0
1izmA0
1j1vA0
1j24A0
1j27A0
1j3eA0
1j3wA0
1j5uA0
1j6wA0
1j8rA0
1j8uA0
1jb0D0
1jb0F0
1jb0L0
1jb3A0
1jdwA0
1jh6A0
1jhsA0
1jidA0
1jiwI0
1jixA0
1jniA0
1jofA0
1jogA0
1jr2A0
1jsgA0
1jx6A0
1jyaA0
1jyoA0
1jyoE0
1k04A0
1k0iA0
1k20A0
1k4zA0
1k8kD0
1k8kF0
1ka1A0
1kaeA0
1kafA0
1kcmA0
1khxA0
1kjnA0
1kloA0
1knvA0
1knyA0
1kp6A0
1kptA0
1kqfC0
1kr4A0
1krcA0
1kv0A0
1kx5A0
1kxgA0
1kxpD0
1kzqA0
1kzyC0
1l1sA0
1l3pA0
1l5xA0
1l8rA0
1l8wA0
1l9lA0
1lbaA0
1lbuA0
1ldfA0
1lfpA0
1lghA0
1lgpA0
1lisA0
1lkiA0
1llnA0
1lmb30
1lmiA0
1ln1A0
1lngA0
1lpbA0
1lq9A0
1lr0A0
1lrwB0
1lshB0
1lslA0
1lwbA0
1lxjA0
1m0dA0
1m1hA0
1m55A0
1m5hA0
1m8nA0
1m8rA0
1m9zA0
1mbyA0
1mgrA0
1mgtA0
1mhyG0
1mkfA0
1mmsA0
1mn3A0
1mn8A0
1mp9A0
1mpgA0
1mrrB0
1mscA0
1mtyB0
1mvhA0
1mw5A0
1mwqA0
1n12A0
1n2fA0
1n2mC0
1n52B0
1n6jA0
1n7zA0
1n81A0
1n8vA0
1nbwB0
1nc7A0
1nd7A0
1nfvA0
1ng6A0
1nh1A0
1nj1A0
1nkpA0
1nkzA0
1nlqA0
1nmuB0
1nnwA0
1no1A0
1no5A0
1npbA0
1nrwA0
1nu7D0
1nuyA0
1nvpD0
1nw1A0
1nycA0
1nz0A0
1o0wA0
1o20A0
1o22A0
1o3xA0
1o4vA0
1o4wA0
1o9yA0
1oa8A0
1oaiA0
1ocyA0
1ofzA0
1ojhA0
1okcA0
1olpA0
1oo0A0
1oohA0
1oqjA0
1or7C0
1orsC0
1oruA0
1osyA0
1otkA0
1ovoA0
1ow4A0
1oygA0
1p35A0
1p5dX0
1p5vB0
1p9yA0
1pbyB0
1pc6A0
1pcfA0
1pdkB0
1pf5A0
1pgxA0
1pieA0
1pjuA0
1plqA0
1pocA0
1pprM0
1pqhA0
1pugA0
1pv5A0
1pytA0
1pzwA0
1q08A0
1q23A0
1q25A0
1q5zA0
1q7fA0
1q8bA0
1q9uA0
1qahA0
1qazA0
1qb7A0
1qexA0
1qh4A0
1qhdA0
1qkrA0
1qqp10
1qr0A0
1qrvA0
1qs0A0
1qs0B0
1qv9A0
1qveA0
1qw2A0
1qwyA0
1qwzA0
1qyiA0
1qzmA0
1r0dA0
1r12A0
1r1mA0
1r4vA0
1r7lA0
1r89A0
1r8hA0
1rcwA0
1regX0
1rfyA0
1rgxA0
1rh6A0
1rj8A0
1rkiA0
1rkuA0
1rm6B0
1ro7A0
1rp0A0
1rpoA0
1rqpA0
1rrvA0
1rutX0
1rxqA0
1rzhH0
1rzuA0
1s0pA0
1s12A0
1s1dA0
1s2oA0
1s2xA0
1s3lA0
1s4kA0
1s55A0
1s68A0
1s7iA0
1s7mA0
1s7zA0
1s98A0
1s9rA0
1sa3A0
1sbxA0
1scjB0
1sdiA0
1sedA0
1sgvA0
1sj7A0
1sk7A0
1sknP0
1skzA0
1snzA0
1sppB0
1sqwA0
1sr8A0
1ss4A0
1stmA0
1su1A0
1sumB0
1sx5A0
1sxrA0
1syxB0
1sz7A0
1szhA0
1t07A0
1t1jA0
1t4aA0
1t4wA0
1t61A0
1t6aA0
1t6t10
1t6uA0
1t71A0
1t8hA0
1tafA0
1tafB0
1tc5A0
1td6A0
1tigA0
1tjlA0
1tjoA0
1tl2A0
1tlqA0
1tnfA0
1to6A0
1tr0A0
1tr8A0
1ts9A0
1tt8A0
1tu1A0
1tuaA0
1tulA0
1tupC0
1tuvA0
1tuwA0
1twfC0
1twfF0
1twfJ0
1twfK0
1twuA0
1txoA0
1tz0A0
1u02A0
1u07A0
1u0sA0
1u0tA0
1u14A0
1u2mC0
1u5uA0
1u61A0
1u69A0
1u7kA0
1u7lA0
1u84A0
1u8vA0
1u9dA0
1ub4C0
1ucsA0
1ufbA0
1ugiA0
1uj8A0
1uoyA0
1uptB0
1urrA0
1usyA0
1ut1A0
1uteA0
1utgA0
1utyA0
1uujA0
1uunA0
1uw4A0
1ux5A0
1uxyA0
1uz3A0
1v1hA0
1v2zA0
1v30A0
1v33A0
1v5iB0
1v74A0
1v74B0
1v76A0
1v7mV0
1v9fA0
1vbwA0
1vchA0
1vctA0
1vdhA0
1vgjA0
1vhhA0
1vimA0
1vjqA0
1vjxA0
1vk1A0
1vkbA0
1vkwA0
1vlaA0
1vljA0
1vlpA0
1vlyA0
1vmdA0
1vmgA0
1vmjA0
1vmoA0
1vp7A0
1vp8A0
1vq0A0
1vq2A0
1vq3A0
1vqoE0
1vqoM0
1vqoO0
1vqoP0
1vqoS0
1vqoU0
1vqoV0
1vqoW0
1vqoX0
1vqoY0
1vqsA0
1vr7A0
1vr9A0
1vraB0
1vrmA0
1vsrA0
1vtz70
1vybA0
1vyiA0
1vykA0
1w18A0
1w53A0
1w61A0
1w66A0
1w78A0
1w8iA0
1w94A0
1w98B0
1wc2A0
1wchA0
1wcwA0
1wd5A0
1wdeA0
1wdjA0
1we1A0
1werA0
1whzA0
1wlgA0
1wmiA0
1wmiB0
1wnaA0
1wp5A0
1wpbA0
1wpuA0
1wq6A0
1wqjB0
1wr8A0
1wrdA0
1wruA0
1wscA0
1wteA0
1wu7A0
1wubA0
1wv3A0
1x31C0
1x3lA0
1x6iA0
1x6mA0
1x6zA0
1x7oA0
1x92A0
1x9iA0
1x9zA0
1xakA0
1xcrA0
1xdnA0
1xe0A0
1xfkA0
1xg2B0
1xhkA0
1xk5A0
1xknA0
1xkpB0
1xkpC0
1xl3C0
1xo0A0
1xpjA0
1xppA0
1xqiA0
1xqoA0
1xs0A0
1xs1A0
1xszA0
1xtyA0
1xuvA0
1xv5A0
1xviA0
1xw3A0
1xxaA0
1xxqA0
1xyiA0
1y0bA0
1y0hA0
1y0kA0
1y2iA0
1y2tA0
1y44A0
1y60A0
1y6xA0
1y8aA0
1y8qA0
1y8xB0
1y9bA0
1ya5T0
1yarA0
1yb0A0
1yb3A0
1ydlA0
1ydxA0
1yf2A0
1yfnA0
1yfqA0
1ygtA0
1yhmA0
1ylmA0
1ylqA0
1ylxA0
1ypyA0
1yq5A0
1yqhA0
1yu0A0
1yu5X0
1ywfA0
1ywmA0
1yz1A0
1yz7A0
1yzyA0
1z0jB0
1z0kB0
1z1yA0